-------------------------------------------------------------------------------
Test set: io.helidon.examples.quickstart.mp.MainTest
-------------------------------------------------------------------------------
Tests run: 1, Failures: 0, Errors: 1, Skipped: 0, Time elapsed: 4.95 s <<< FAILURE! - in io.helidon.examples.quickstart.mp.MainTest
io.helidon.examples.quickstart.mp.MainTest  Time elapsed: 4.95 s  <<< ERROR!
org.jboss.weld.exceptions.DeploymentException: WELD-001503: Bean class which has interceptors cannot be declared final:  class org.glassfish.jersey.server.wadl.internal.WadlResource

