<?xml version="1.0" encoding="UTF-8"?>
<testsuite xmlns:xsi="http://www.w3.org/2001/XMLSchema-instance" xsi:noNamespaceSchemaLocation="https://maven.apache.org/surefire/maven-surefire-plugin/xsd/surefire-test-report-3.0.xsd" version="3.0" name="io.helidon.examples.quickstart.mp.MainTest" time="4.95" tests="1" errors="1" skipped="0" failures="0">
  <properties>
[...]
</properties>
  <testcase name="" classname="io.helidon.examples.quickstart.mp.MainTest" time="4.95">
    <error type="org.jboss.weld.exceptions.DeploymentException"><![CDATA[org.jboss.weld.exceptions.DeploymentException: WELD-001503: Bean class which has interceptors cannot be declared final:  class org.glassfish.jersey.server.wadl.internal.WadlResource
]]></error>
    <system-out><![CDATA[2022.05.23 07:08:06 WARN org.jboss.weld.Bootstrap Thread[main,5,main]: WELD-ENV-002008: Bean class io.helidon.health.checks.HeapMemoryHealthCheck found in multiple bean archives - this may result in incorrect behavior: 
  - WeldBeanDeploymentArchive [id=/C:/Users/ManuelStör/.m2/repository/io/helidon/health/helidon-health-checks/2.5.0/helidon-health-checks-2.5.0.jar],
  - WeldBeanDeploymentArchive [id=/C:/Users/ManuelStör/.m2/repository/one/microstream/microstream-cluster-nodelibrary-helidon/0.1.0-SNAPSHOT/microstream-cluster-nodelibrary-helidon-0.1.0-SNAPSHOT.jar]
2022.05.23 07:08:06 WARN org.jboss.weld.Bootstrap Thread[main,5,main]: WELD-ENV-002008: Bean class org.glassfish.jersey.weld.se.WeldRequestScope found in multiple bean archives - this may result in incorrect behavior: 
  - WeldBeanDeploymentArchive [id=/C:/Users/ManuelStör/.m2/repository/one/microstream/microstream-cluster-nodelibrary-helidon/0.1.0-SNAPSHOT/microstream-cluster-nodelibrary-helidon-0.1.0-SNAPSHOT.jar],
  - WeldBeanDeploymentArchive [id=/C:/Users/ManuelStör/.m2/repository/org/glassfish/jersey/ext/cdi/jersey-weld2-se/2.35/jersey-weld2-se-2.35.jar]
2022.05.23 07:08:06 WARN org.jboss.weld.Bootstrap Thread[main,5,main]: WELD-ENV-002008: Bean class io.helidon.health.checks.DiskSpaceHealthCheck found in multiple bean archives - this may result in incorrect behavior: 
  - WeldBeanDeploymentArchive [id=/C:/Users/ManuelStör/.m2/repository/io/helidon/health/helidon-health-checks/2.5.0/helidon-health-checks-2.5.0.jar],
  - WeldBeanDeploymentArchive [id=/C:/Users/ManuelStör/.m2/repository/one/microstream/microstream-cluster-nodelibrary-helidon/0.1.0-SNAPSHOT/microstream-cluster-nodelibrary-helidon-0.1.0-SNAPSHOT.jar]
2022.05.23 07:08:06 WARN org.jboss.weld.Bootstrap Thread[main,5,main]: WELD-ENV-002008: Bean class io.helidon.health.checks.DeadlockHealthCheck found in multiple bean archives - this may result in incorrect behavior: 
  - WeldBeanDeploymentArchive [id=/C:/Users/ManuelStör/.m2/repository/io/helidon/health/helidon-health-checks/2.5.0/helidon-health-checks-2.5.0.jar],
  - WeldBeanDeploymentArchive [id=/C:/Users/ManuelStör/.m2/repository/one/microstream/microstream-cluster-nodelibrary-helidon/0.1.0-SNAPSHOT/microstream-cluster-nodelibrary-helidon-0.1.0-SNAPSHOT.jar]
]]></system-out>
  </testcase>
</testsuite>